0 info it worked if it ends with ok
1 verbose cli [
1 verbose cli   'C:\\Program Files\\nodejs\\node.exe',
1 verbose cli   'C:\\Users\\Orim Ouf\\AppData\\Roaming\\npm\\node_modules\\npm\\bin\\npm-cli.js',
1 verbose cli   'start'
1 verbose cli ]
2 info using npm@6.14.10
3 info using node@v14.16.1
4 verbose run-script [ 'prestart', 'start', 'poststart' ]
5 info lifecycle first-app@0.1.0~prestart: first-app@0.1.0
6 info lifecycle first-app@0.1.0~start: first-app@0.1.0
7 verbose lifecycle first-app@0.1.0~start: unsafe-perm in lifecycle true
8 verbose lifecycle first-app@0.1.0~start: PATH: C:\Users\Orim Ouf\AppData\Roaming\npm\node_modules\npm\node_modules\npm-lifecycle\node-gyp-bin;C:\wamp64\www\GoMyCode\React\first-app\node_modules\.bin;C:\Python39\Scripts\;C:\Python39\;C:\Program Files (x86)\Common Files\Intel\Shared Libraries\redist\intel64\compiler;C:\Program Files (x86)\Intel\Intel(R) Management Engine Components\iCLS\;C:\Program Files\Intel\Intel(R) Management Engine Components\iCLS\;C:\WINDOWS\system32;C:\WINDOWS;C:\WINDOWS\System32\Wbem;C:\WINDOWS\System32\WindowsPowerShell\v1.0\;C:\WINDOWS\System32\OpenSSH\;C:\Program Files\Intel\WiFi\bin\;C:\Program Files\Common Files\Intel\WirelessCommon\;C:\Program Files (x86)\Intel\Intel(R) Management Engine Components\DAL;C:\Program Files\Intel\Intel(R) Management Engine Components\DAL;C:\composer;C:\wamp64\bin\php\php7.4.9;C:\wamp64\bin\mysql\mysql5.7.31\bin;C:\Program Files\Git\cmd;C:\ProgramData\chocolatey\bin;C:\Program Files\nodejs\;C:\Users\Orim Ouf\AppData\Local\Microsoft\WindowsApps;C:\Program Files\Intel\WiFi\bin\;C:\Program Files\Common Files\Intel\WirelessCommon\;C:\Users\Orim Ouf\AppData\Roaming\Composer\vendor\bin;C:\Program Files\JetBrains\PhpStorm 2020.1\bin;;D:\program files\Microsoft VS Code\Microsoft VS Code\bin;C:\Users\Orim Ouf\AppData\Roaming\npm
9 verbose lifecycle first-app@0.1.0~start: CWD: C:\wamp64\www\GoMyCode\React\first-app
10 silly lifecycle first-app@0.1.0~start: Args: [ '/d /s /c', 'react-scripts start' ]
11 silly lifecycle first-app@0.1.0~start: Returned: code: 1  signal: null
12 info lifecycle first-app@0.1.0~start: Failed to exec start script
13 verbose stack Error: first-app@0.1.0 start: `react-scripts start`
13 verbose stack Exit status 1
13 verbose stack     at EventEmitter.<anonymous> (C:\Users\Orim Ouf\AppData\Roaming\npm\node_modules\npm\node_modules\npm-lifecycle\index.js:332:16)
13 verbose stack     at EventEmitter.emit (events.js:315:20)
13 verbose stack     at ChildProcess.<anonymous> (C:\Users\Orim Ouf\AppData\Roaming\npm\node_modules\npm\node_modules\npm-lifecycle\lib\spawn.js:55:14)
13 verbose stack     at ChildProcess.emit (events.js:315:20)
13 verbose stack     at maybeClose (internal/child_process.js:1048:16)
13 verbose stack     at Process.ChildProcess._handle.onexit (internal/child_process.js:288:5)
14 verbose pkgid first-app@0.1.0
15 verbose cwd C:\wamp64\www\GoMyCode\React\first-app
16 verbose Windows_NT 10.0.18363
17 verbose argv "C:\\Program Files\\nodejs\\node.exe" "C:\\Users\\Orim Ouf\\AppData\\Roaming\\npm\\node_modules\\npm\\bin\\npm-cli.js" "start"
18 verbose node v14.16.1
19 verbose npm  v6.14.10
20 error code ELIFECYCLE
21 error errno 1
22 error first-app@0.1.0 start: `react-scripts start`
22 error Exit status 1
23 error Failed at the first-app@0.1.0 start script.
23 error This is probably not a problem with npm. There is likely additional logging output above.
24 verbose exit [ 1, true ]
